Unity Editor version:    2021.3.5f1 (40eb3a945986)
Branch:                  2021.3/staging
Build type:              Release
Batch mode:              YES
macOS version:           Version 12.4 (Build 21F79)
Darwin version:          21.5.0
Architecture:            x86_64
Running under Rosetta:   NO
Available memory:        16384 MB
Using pre-set license
Pro License: YES

COMMAND LINE ARGUMENTS:
/Applications/Unity/Hub/Editor/2021.3.5f1/Unity.app/Contents/MacOS/Unity
-adb2
-batchMode
-noUpm
-name
AssetImportWorker2
-projectPath
/Users/bsmith/code/zaroff/project_NERUO/project_NEURO
-logFile
Logs/AssetImportWorker2.log
-srvPort
55511
Successfully changed project path to: /Users/bsmith/code/zaroff/project_NERUO/project_NEURO
/Users/bsmith/code/zaroff/project_NERUO/project_NEURO
[UnityMemory] Configuration Parameters - Can be set up in boot.config
    "memorysetup-bucket-allocator-granularity=16"
    "memorysetup-bucket-allocator-bucket-count=8"
    "memorysetup-bucket-allocator-block-size=33554432"
    "memorysetup-bucket-allocator-block-count=8"
    "memorysetup-main-allocator-block-size=16777216"
    "memorysetup-thread-allocator-block-size=16777216"
    "memorysetup-gfx-main-allocator-block-size=16777216"
    "memorysetup-gfx-thread-allocator-block-size=16777216"
    "memorysetup-cache-allocator-block-size=4194304"
    "memorysetup-typetree-allocator-block-size=2097152"
    "memorysetup-profiler-bucket-allocator-granularity=16"
    "memorysetup-profiler-bucket-allocator-bucket-count=8"
    "memorysetup-profiler-bucket-allocator-block-size=33554432"
    "memorysetup-profiler-bucket-allocator-block-count=8"
    "memorysetup-profiler-allocator-block-size=16777216"
    "memorysetup-profiler-editor-allocator-block-size=1048576"
    "memorysetup-temp-allocator-size-main=16777216"
    "memorysetup-job-temp-allocator-block-size=2097152"
    "memorysetup-job-temp-allocator-block-size-background=1048576"
    "memorysetup-job-temp-allocator-reduction-small-platforms=262144"
    "memorysetup-temp-allocator-size-background-worker=32768"
    "memorysetup-temp-allocator-size-job-worker=262144"
    "memorysetup-temp-allocator-size-preload-manager=33554432"
    "memorysetup-temp-allocator-size-nav-mesh-worker=65536"
    "memorysetup-temp-allocator-size-audio-worker=65536"
    "memorysetup-temp-allocator-size-cloud-worker=32768"
    "memorysetup-temp-allocator-size-gi-baking-worker=262144"
    "memorysetup-temp-allocator-size-gfx=262144"
Refreshing native plugins compatible for Editor in 57.29 ms, found 3 plugins.
Preloading 0 native plugins for Editor in 0.00 ms.
Initialize engine version: 2021.3.5f1 (40eb3a945986)
[Subsystems] Discovering subsystems at path /Applications/Unity/Hub/Editor/2021.3.5f1/Unity.app/Contents/Resources/UnitySubsystems
[Subsystems] Discovering subsystems at path /Users/bsmith/code/zaroff/project_NERUO/project_NEURO/Assets
GfxDevice: creating device client; threaded=0; jobified=0
Color LCD preferred device: Intel(R) UHD Graphics 630 (low power)
Metal devices available: 2
0: AMD Radeon Pro 5500M (high power)
1: Intel(R) UHD Graphics 630 (low power)
Using device AMD Radeon Pro 5500M (high power)
Initializing Metal device caps: AMD Radeon Pro 5500M
Initialize mono
Mono path[0] = '/Applications/Unity/Hub/Editor/2021.3.5f1/Unity.app/Contents/Managed'
Mono path[1] = '/Applications/Unity/Hub/Editor/2021.3.5f1/Unity.app/Contents/MonoBleedingEdge/lib/mono/unityjit-macos'
Mono config path = '/Applications/Unity/Hub/Editor/2021.3.5f1/Unity.app/Contents/MonoBleedingEdge/etc'
Using monoOptions --debugger-agent=transport=dt_socket,embedding=1,server=y,suspend=n,address=127.0.0.1:56498
Begin MonoManager ReloadAssembly
Registering precompiled unity dll's ...
Register platform support module: /Applications/Unity/Hub/Editor/2021.3.5f1/PlaybackEngines/WebGLSupport/UnityEditor.WebGL.Extensions.dll
Register platform support module: /Applications/Unity/Hub/Editor/2021.3.5f1/Unity.app/Contents/PlaybackEngines/MacStandaloneSupport/UnityEditor.OSXStandalone.Extensions.dll
Registered in 0.000725 seconds.
Native extension for OSXStandalone target not found
Native extension for WebGL target not found
Refreshing native plugins compatible for Editor in 44.39 ms, found 3 plugins.
Preloading 0 native plugins for Editor in 0.00 ms.
Mono: successfully reloaded assembly
- Completed reload, in  0.735 seconds
Domain Reload Profiling:
	ReloadAssembly (735ms)
		BeginReloadAssembly (71ms)
			ExecutionOrderSort (0ms)
			DisableScriptedObjects (0ms)
			BackupInstance (0ms)
			ReleaseScriptingObjects (0ms)
			CreateAndSetChildDomain (1ms)
		EndReloadAssembly (531ms)
			LoadAssemblies (70ms)
			RebuildTransferFunctionScriptingTraits (0ms)
			SetupTypeCache (139ms)
			ReleaseScriptCaches (0ms)
			RebuildScriptCaches (42ms)
			SetupLoadedEditorAssemblies (291ms)
				LogAssemblyErrors (0ms)
				InitializePlatformSupportModulesInManaged (9ms)
				SetLoadedEditorAssemblies (0ms)
				RefreshPlugins (44ms)
				BeforeProcessingInitializeOnLoad (2ms)
				ProcessInitializeOnLoadAttributes (177ms)
				ProcessInitializeOnLoadMethodAttributes (59ms)
				AfterProcessingInitializeOnLoad (0ms)
				EditorAssembliesLoaded (0ms)
			ExecutionOrderSort2 (0ms)
			AwakeInstancesAfterBackupRestoration (0ms)
Platform modules already initialized, skipping
Registering precompiled user dll's ...
Registered in 0.002793 seconds.
Begin MonoManager ReloadAssembly
Native extension for OSXStandalone target not found
Native extension for WebGL target not found
Refreshing native plugins compatible for Editor in 41.62 ms, found 3 plugins.
Preloading 0 native plugins for Editor in 0.00 ms.
Mono: successfully reloaded assembly
- Completed reload, in  1.277 seconds
Domain Reload Profiling:
	ReloadAssembly (1278ms)
		BeginReloadAssembly (183ms)
			ExecutionOrderSort (0ms)
			DisableScriptedObjects (8ms)
			BackupInstance (0ms)
			ReleaseScriptingObjects (0ms)
			CreateAndSetChildDomain (49ms)
		EndReloadAssembly (895ms)
			LoadAssemblies (98ms)
			RebuildTransferFunctionScriptingTraits (0ms)
			SetupTypeCache (246ms)
			ReleaseScriptCaches (0ms)
			RebuildScriptCaches (64ms)
			SetupLoadedEditorAssemblies (452ms)
				LogAssemblyErrors (0ms)
				InitializePlatformSupportModulesInManaged (11ms)
				SetLoadedEditorAssemblies (0ms)
				RefreshPlugins (42ms)
				BeforeProcessingInitializeOnLoad (68ms)
				ProcessInitializeOnLoadAttributes (281ms)
				ProcessInitializeOnLoadMethodAttributes (49ms)
				AfterProcessingInitializeOnLoad (1ms)
				EditorAssembliesLoaded (0ms)
			ExecutionOrderSort2 (0ms)
			AwakeInstancesAfterBackupRestoration (4ms)
Platform modules already initialized, skipping
========================================================================
Worker process is ready to serve import requests
Launching external process: /Applications/Unity/Hub/Editor/2021.3.5f1/Unity.app/Contents/Tools/UnityShaderCompiler
Launched and connected shader compiler UnityShaderCompiler after 0.06 seconds
Refreshing native plugins compatible for Editor in 0.42 ms, found 3 plugins.
Preloading 0 native plugins for Editor in 0.00 ms.
Unloading 2508 Unused Serialized files (Serialized files now loaded: 0)
Unloading 33 unused Assets / (44.6 KB). Loaded Objects now: 2985.
Memory consumption went from 219.7 MB to 219.6 MB.
Total: 3.877076 ms (FindLiveObjects: 0.226270 ms CreateObjectMapping: 0.145391 ms MarkObjects: 3.398847 ms  DeleteObjects: 0.105694 ms)

AssetImportParameters requested are different than current active one (requested -> active):
  custom:video-decoder-ogg-theora: a1e56fd34408186e4bbccfd4996cb3dc -> 
  custom:container-muxer-webm: aa71ff27fc2769a1b78a27578f13a17b -> 
  custom:container-demuxer-webm: 4f35f7cbe854078d1ac9338744f61a02 -> 
  custom:video-encoder-webm-vp8: eb34c28f22e8b96e1ab97ce403110664 -> 
  custom:framework-osx-AVFoundation: e770b220cccbd017edd2c1fefb359320 -> 
  custom:audio-encoder-webm-vorbis: bf7c407c2cedff20999df2af8eb42d56 -> 
  custom:container-demuxer-ogg: 62fdf1f143b41e24485cea50d1cbac27 -> 
  custom:video-decoder-webm-vp8: 9c59270c3fd7afecdb556c50c9e8de78 -> 
  custom:audio-decoder-ogg-vorbis: bf7c407c2cedff20999df2af8eb42d56 -> 
========================================================================
Received Prepare
Registering precompiled user dll's ...
Registered in 0.002082 seconds.
Begin MonoManager ReloadAssembly
Native extension for OSXStandalone target not found
Native extension for WebGL target not found
Refreshing native plugins compatible for Editor in 0.50 ms, found 3 plugins.
Preloading 0 native plugins for Editor in 0.00 ms.
Mono: successfully reloaded assembly
- Completed reload, in  1.121 seconds
Domain Reload Profiling:
	ReloadAssembly (1122ms)
		BeginReloadAssembly (124ms)
			ExecutionOrderSort (0ms)
			DisableScriptedObjects (8ms)
			BackupInstance (0ms)
			ReleaseScriptingObjects (0ms)
			CreateAndSetChildDomain (44ms)
		EndReloadAssembly (893ms)
			LoadAssemblies (65ms)
			RebuildTransferFunctionScriptingTraits (0ms)
			SetupTypeCache (256ms)
			ReleaseScriptCaches (1ms)
			RebuildScriptCaches (57ms)
			SetupLoadedEditorAssemblies (445ms)
				LogAssemblyErrors (0ms)
				InitializePlatformSupportModulesInManaged (22ms)
				SetLoadedEditorAssemblies (1ms)
				RefreshPlugins (1ms)
				BeforeProcessingInitializeOnLoad (69ms)
				ProcessInitializeOnLoadAttributes (302ms)
				ProcessInitializeOnLoadMethodAttributes (49ms)
				AfterProcessingInitializeOnLoad (1ms)
				EditorAssembliesLoaded (0ms)
			ExecutionOrderSort2 (0ms)
			AwakeInstancesAfterBackupRestoration (8ms)
Platform modules already initialized, skipping
Refreshing native plugins compatible for Editor in 1.83 ms, found 3 plugins.
Preloading 0 native plugins for Editor in 0.00 ms.
Unloading 2483 Unused Serialized files (Serialized files now loaded: 0)
Unloading 20 unused Assets / (23.9 KB). Loaded Objects now: 2988.
Memory consumption went from 219.5 MB to 219.5 MB.
Total: 4.247865 ms (FindLiveObjects: 0.260694 ms CreateObjectMapping: 0.156082 ms MarkObjects: 3.802172 ms  DeleteObjects: 0.027456 ms)

AssetImportParameters requested are different than current active one (requested -> active):
  custom:video-decoder-ogg-theora: a1e56fd34408186e4bbccfd4996cb3dc -> 
  custom:container-muxer-webm: aa71ff27fc2769a1b78a27578f13a17b -> 
  custom:container-demuxer-webm: 4f35f7cbe854078d1ac9338744f61a02 -> 
  custom:video-encoder-webm-vp8: eb34c28f22e8b96e1ab97ce403110664 -> 
  custom:framework-osx-AVFoundation: e770b220cccbd017edd2c1fefb359320 -> 
  custom:audio-encoder-webm-vorbis: bf7c407c2cedff20999df2af8eb42d56 -> 
  custom:container-demuxer-ogg: 62fdf1f143b41e24485cea50d1cbac27 -> 
  custom:video-decoder-webm-vp8: 9c59270c3fd7afecdb556c50c9e8de78 -> 
  custom:audio-decoder-ogg-vorbis: bf7c407c2cedff20999df2af8eb42d56 -> 
========================================================================
Received Import Request.
  Time since last request: 193566.409084 seconds.
  path: Assets/Animations
  artifactKey: Guid(1e73b74c6ad2e40e7aecf24d115287eb) Importer(815301076,1909f56bfc062723c751e8b465ee728b)
Start importing Assets/Animations using Guid(1e73b74c6ad2e40e7aecf24d115287eb) Importer(815301076,1909f56bfc062723c751e8b465ee728b)  -> (artifact id: '57e8e878f7be64990f7a85c47ee72522') in 0.005286 seconds 
========================================================================
Received Import Request.
  Time since last request: 122.999024 seconds.
  path: Assets/Animations/animCamera.controller
  artifactKey: Guid(a2047e37104264a2485120899dc7d40e) Importer(815301076,1909f56bfc062723c751e8b465ee728b)
Start importing Assets/Animations/animCamera.controller using Guid(a2047e37104264a2485120899dc7d40e) Importer(815301076,1909f56bfc062723c751e8b465ee728b)  -> (artifact id: '00c8c6a986b1cdd29b8c68e14b81c6e8') in 0.136526 seconds 
========================================================================
Received Prepare
Registering precompiled user dll's ...
Registered in 0.002300 seconds.
Begin MonoManager ReloadAssembly
Native extension for OSXStandalone target not found
Native extension for WebGL target not found
Refreshing native plugins compatible for Editor in 0.74 ms, found 3 plugins.
Preloading 0 native plugins for Editor in 0.00 ms.
Mono: successfully reloaded assembly
- Completed reload, in  1.314 seconds
Domain Reload Profiling:
	ReloadAssembly (1315ms)
		BeginReloadAssembly (132ms)
			ExecutionOrderSort (0ms)
			DisableScriptedObjects (10ms)
			BackupInstance (0ms)
			ReleaseScriptingObjects (0ms)
			CreateAndSetChildDomain (47ms)
		EndReloadAssembly (1050ms)
			LoadAssemblies (75ms)
			RebuildTransferFunctionScriptingTraits (0ms)
			SetupTypeCache (307ms)
			ReleaseScriptCaches (1ms)
			RebuildScriptCaches (72ms)
			SetupLoadedEditorAssemblies (491ms)
				LogAssemblyErrors (0ms)
				InitializePlatformSupportModulesInManaged (22ms)
				SetLoadedEditorAssemblies (1ms)
				RefreshPlugins (1ms)
				BeforeProcessingInitializeOnLoad (79ms)
				ProcessInitializeOnLoadAttributes (328ms)
				ProcessInitializeOnLoadMethodAttributes (58ms)
				AfterProcessingInitializeOnLoad (2ms)
				EditorAssembliesLoaded (0ms)
			ExecutionOrderSort2 (0ms)
			AwakeInstancesAfterBackupRestoration (10ms)
Platform modules already initialized, skipping
Refreshing native plugins compatible for Editor in 1.53 ms, found 3 plugins.
Preloading 0 native plugins for Editor in 0.00 ms.
Unloading 2483 Unused Serialized files (Serialized files now loaded: 0)
Unloading 20 unused Assets / (25.4 KB). Loaded Objects now: 2991.
Memory consumption went from 224.0 MB to 224.0 MB.
Total: 4.001638 ms (FindLiveObjects: 0.276343 ms CreateObjectMapping: 0.159285 ms MarkObjects: 3.524709 ms  DeleteObjects: 0.040240 ms)

AssetImportParameters requested are different than current active one (requested -> active):
  custom:video-decoder-ogg-theora: a1e56fd34408186e4bbccfd4996cb3dc -> 
  custom:container-muxer-webm: aa71ff27fc2769a1b78a27578f13a17b -> 
  custom:container-demuxer-webm: 4f35f7cbe854078d1ac9338744f61a02 -> 
  custom:video-encoder-webm-vp8: eb34c28f22e8b96e1ab97ce403110664 -> 
  custom:framework-osx-AVFoundation: e770b220cccbd017edd2c1fefb359320 -> 
  custom:audio-encoder-webm-vorbis: bf7c407c2cedff20999df2af8eb42d56 -> 
  custom:container-demuxer-ogg: 62fdf1f143b41e24485cea50d1cbac27 -> 
  custom:video-decoder-webm-vp8: 9c59270c3fd7afecdb556c50c9e8de78 -> 
  custom:audio-decoder-ogg-vorbis: bf7c407c2cedff20999df2af8eb42d56 -> 
========================================================================
Received Import Request.
  Time since last request: 240.510808 seconds.
  path: Assets/Animations/animCamZoom.anim
  artifactKey: Guid(8152b194162194fb18a9a75a00583335) Importer(815301076,1909f56bfc062723c751e8b465ee728b)
Start importing Assets/Animations/animCamZoom.anim using Guid(8152b194162194fb18a9a75a00583335) Importer(815301076,1909f56bfc062723c751e8b465ee728b)  -> (artifact id: 'e9d6db2744b037d1bdbbdc6a059f9e10') in 0.112374 seconds 
========================================================================
Received Import Request.
  Time since last request: 137.450974 seconds.
  path: Assets/Animations/animHint.controller
  artifactKey: Guid(4db535f257ce9407f878112772d0f1b1) Importer(815301076,1909f56bfc062723c751e8b465ee728b)
Start importing Assets/Animations/animHint.controller using Guid(4db535f257ce9407f878112772d0f1b1) Importer(815301076,1909f56bfc062723c751e8b465ee728b)  -> (artifact id: 'f8b32e7e2da3a6d1e0f839eb41c9468e') in 0.003274 seconds 
========================================================================
Received Import Request.
  Time since last request: 150.361123 seconds.
  path: Assets/Scripts
  artifactKey: Guid(b368692b6a5ce4ca9af01b21e04922e6) Importer(815301076,1909f56bfc062723c751e8b465ee728b)
Start importing Assets/Scripts using Guid(b368692b6a5ce4ca9af01b21e04922e6) Importer(815301076,1909f56bfc062723c751e8b465ee728b)  -> (artifact id: '4019631175a345daa204095bb7ca94e5') in 0.001891 seconds 
========================================================================
Received Import Request.
  Time since last request: 0.570721 seconds.
  path: Assets/Scripts/CameraFollow.cs
  artifactKey: Guid(8e62304fd20e64bab922fe708a084802) Importer(815301076,1909f56bfc062723c751e8b465ee728b)
Start importing Assets/Scripts/CameraFollow.cs using Guid(8e62304fd20e64bab922fe708a084802) Importer(815301076,1909f56bfc062723c751e8b465ee728b)  -> (artifact id: 'd856f908b12f4ba5a365c45991e940ac') in 0.232780 seconds 
========================================================================
Received Import Request.
  Time since last request: 100.574224 seconds.
  path: Assets/Scripts/CameraFollow.cs
  artifactKey: Guid(8e62304fd20e64bab922fe708a084802) Importer(815301076,1909f56bfc062723c751e8b465ee728b)
Start importing Assets/Scripts/CameraFollow.cs using Guid(8e62304fd20e64bab922fe708a084802) Importer(815301076,1909f56bfc062723c751e8b465ee728b)  -> (artifact id: '674bb5ec28623405e898e71275507e32') in 0.003131 seconds 
========================================================================
Received Prepare
Registering precompiled user dll's ...
Registered in 0.001838 seconds.
Begin MonoManager ReloadAssembly
Native extension for OSXStandalone target not found
Native extension for WebGL target not found
Refreshing native plugins compatible for Editor in 0.60 ms, found 3 plugins.
Preloading 0 native plugins for Editor in 0.00 ms.
Mono: successfully reloaded assembly
- Completed reload, in  1.410 seconds
Domain Reload Profiling:
	ReloadAssembly (1411ms)
		BeginReloadAssembly (464ms)
			ExecutionOrderSort (0ms)
			DisableScriptedObjects (9ms)
			BackupInstance (0ms)
			ReleaseScriptingObjects (0ms)
			CreateAndSetChildDomain (342ms)
		EndReloadAssembly (843ms)
			LoadAssemblies (85ms)
			RebuildTransferFunctionScriptingTraits (0ms)
			SetupTypeCache (212ms)
			ReleaseScriptCaches (1ms)
			RebuildScriptCaches (61ms)
			SetupLoadedEditorAssemblies (426ms)
				LogAssemblyErrors (0ms)
				InitializePlatformSupportModulesInManaged (20ms)
				SetLoadedEditorAssemblies (1ms)
				RefreshPlugins (1ms)
				BeforeProcessingInitializeOnLoad (63ms)
				ProcessInitializeOnLoadAttributes (284ms)
				ProcessInitializeOnLoadMethodAttributes (55ms)
				AfterProcessingInitializeOnLoad (1ms)
				EditorAssembliesLoaded (0ms)
			ExecutionOrderSort2 (0ms)
			AwakeInstancesAfterBackupRestoration (8ms)
Platform modules already initialized, skipping
Refreshing native plugins compatible for Editor in 2.08 ms, found 3 plugins.
Preloading 0 native plugins for Editor in 0.00 ms.
Unloading 2483 Unused Serialized files (Serialized files now loaded: 0)
Unloading 20 unused Assets / (22.0 KB). Loaded Objects now: 2994.
Memory consumption went from 232.9 MB to 232.9 MB.
Total: 3.398593 ms (FindLiveObjects: 0.202951 ms CreateObjectMapping: 0.102698 ms MarkObjects: 3.078056 ms  DeleteObjects: 0.014216 ms)

AssetImportParameters requested are different than current active one (requested -> active):
  custom:video-decoder-ogg-theora: a1e56fd34408186e4bbccfd4996cb3dc -> 
  custom:container-muxer-webm: aa71ff27fc2769a1b78a27578f13a17b -> 
  custom:container-demuxer-webm: 4f35f7cbe854078d1ac9338744f61a02 -> 
  custom:video-encoder-webm-vp8: eb34c28f22e8b96e1ab97ce403110664 -> 
  custom:framework-osx-AVFoundation: e770b220cccbd017edd2c1fefb359320 -> 
  custom:audio-encoder-webm-vorbis: bf7c407c2cedff20999df2af8eb42d56 -> 
  custom:container-demuxer-ogg: 62fdf1f143b41e24485cea50d1cbac27 -> 
  custom:video-decoder-webm-vp8: 9c59270c3fd7afecdb556c50c9e8de78 -> 
  custom:audio-decoder-ogg-vorbis: bf7c407c2cedff20999df2af8eb42d56 -> 
========================================================================
Received Prepare
Registering precompiled user dll's ...
Registered in 0.002246 seconds.
Begin MonoManager ReloadAssembly
Native extension for OSXStandalone target not found
Native extension for WebGL target not found
Refreshing native plugins compatible for Editor in 0.54 ms, found 3 plugins.
Preloading 0 native plugins for Editor in 0.00 ms.
Mono: successfully reloaded assembly
- Completed reload, in  1.113 seconds
Domain Reload Profiling:
	ReloadAssembly (1114ms)
		BeginReloadAssembly (127ms)
			ExecutionOrderSort (0ms)
			DisableScriptedObjects (9ms)
			BackupInstance (0ms)
			ReleaseScriptingObjects (0ms)
			CreateAndSetChildDomain (47ms)
		EndReloadAssembly (881ms)
			LoadAssemblies (65ms)
			RebuildTransferFunctionScriptingTraits (0ms)
			SetupTypeCache (227ms)
			ReleaseScriptCaches (1ms)
			RebuildScriptCaches (82ms)
			SetupLoadedEditorAssemblies (428ms)
				LogAssemblyErrors (0ms)
				InitializePlatformSupportModulesInManaged (19ms)
				SetLoadedEditorAssemblies (1ms)
				RefreshPlugins (1ms)
				BeforeProcessingInitializeOnLoad (58ms)
				ProcessInitializeOnLoadAttributes (298ms)
				ProcessInitializeOnLoadMethodAttributes (51ms)
				AfterProcessingInitializeOnLoad (1ms)
				EditorAssembliesLoaded (0ms)
			ExecutionOrderSort2 (0ms)
			AwakeInstancesAfterBackupRestoration (9ms)
Platform modules already initialized, skipping
Refreshing native plugins compatible for Editor in 1.40 ms, found 3 plugins.
Preloading 0 native plugins for Editor in 0.00 ms.
Unloading 2483 Unused Serialized files (Serialized files now loaded: 0)
Unloading 20 unused Assets / (21.9 KB). Loaded Objects now: 2997.
Memory consumption went from 233.1 MB to 233.1 MB.
Total: 3.378232 ms (FindLiveObjects: 0.216011 ms CreateObjectMapping: 0.104098 ms MarkObjects: 3.027928 ms  DeleteObjects: 0.029322 ms)

AssetImportParameters requested are different than current active one (requested -> active):
  custom:video-decoder-ogg-theora: a1e56fd34408186e4bbccfd4996cb3dc -> 
  custom:container-muxer-webm: aa71ff27fc2769a1b78a27578f13a17b -> 
  custom:container-demuxer-webm: 4f35f7cbe854078d1ac9338744f61a02 -> 
  custom:video-encoder-webm-vp8: eb34c28f22e8b96e1ab97ce403110664 -> 
  custom:framework-osx-AVFoundation: e770b220cccbd017edd2c1fefb359320 -> 
  custom:audio-encoder-webm-vorbis: bf7c407c2cedff20999df2af8eb42d56 -> 
  custom:container-demuxer-ogg: 62fdf1f143b41e24485cea50d1cbac27 -> 
  custom:video-decoder-webm-vp8: 9c59270c3fd7afecdb556c50c9e8de78 -> 
  custom:audio-decoder-ogg-vorbis: bf7c407c2cedff20999df2af8eb42d56 -> 
========================================================================
Received Prepare
Registering precompiled user dll's ...
Registered in 0.002375 seconds.
Begin MonoManager ReloadAssembly
Native extension for OSXStandalone target not found
Native extension for WebGL target not found
Refreshing native plugins compatible for Editor in 0.60 ms, found 3 plugins.
Preloading 0 native plugins for Editor in 0.00 ms.
Mono: successfully reloaded assembly
- Completed reload, in  1.242 seconds
Domain Reload Profiling:
	ReloadAssembly (1243ms)
		BeginReloadAssembly (152ms)
			ExecutionOrderSort (0ms)
			DisableScriptedObjects (11ms)
			BackupInstance (0ms)
			ReleaseScriptingObjects (0ms)
			CreateAndSetChildDomain (55ms)
		EndReloadAssembly (962ms)
			LoadAssemblies (83ms)
			RebuildTransferFunctionScriptingTraits (0ms)
			SetupTypeCache (294ms)
			ReleaseScriptCaches (1ms)
			RebuildScriptCaches (68ms)
			SetupLoadedEditorAssemblies (437ms)
				LogAssemblyErrors (0ms)
				InitializePlatformSupportModulesInManaged (21ms)
				SetLoadedEditorAssemblies (1ms)
				RefreshPlugins (1ms)
				BeforeProcessingInitializeOnLoad (77ms)
				ProcessInitializeOnLoadAttributes (282ms)
				ProcessInitializeOnLoadMethodAttributes (55ms)
				AfterProcessingInitializeOnLoad (1ms)
				EditorAssembliesLoaded (0ms)
			ExecutionOrderSort2 (0ms)
			AwakeInstancesAfterBackupRestoration (8ms)
Platform modules already initialized, skipping
Refreshing native plugins compatible for Editor in 1.50 ms, found 3 plugins.
Preloading 0 native plugins for Editor in 0.00 ms.
Unloading 2483 Unused Serialized files (Serialized files now loaded: 0)
Unloading 20 unused Assets / (21.9 KB). Loaded Objects now: 3000.
Memory consumption went from 233.3 MB to 233.3 MB.
Total: 4.514961 ms (FindLiveObjects: 0.354555 ms CreateObjectMapping: 0.203206 ms MarkObjects: 3.927465 ms  DeleteObjects: 0.028448 ms)

AssetImportParameters requested are different than current active one (requested -> active):
  custom:video-decoder-ogg-theora: a1e56fd34408186e4bbccfd4996cb3dc -> 
  custom:container-muxer-webm: aa71ff27fc2769a1b78a27578f13a17b -> 
  custom:container-demuxer-webm: 4f35f7cbe854078d1ac9338744f61a02 -> 
  custom:video-encoder-webm-vp8: eb34c28f22e8b96e1ab97ce403110664 -> 
  custom:framework-osx-AVFoundation: e770b220cccbd017edd2c1fefb359320 -> 
  custom:audio-encoder-webm-vorbis: bf7c407c2cedff20999df2af8eb42d56 -> 
  custom:container-demuxer-ogg: 62fdf1f143b41e24485cea50d1cbac27 -> 
  custom:video-decoder-webm-vp8: 9c59270c3fd7afecdb556c50c9e8de78 -> 
  custom:audio-decoder-ogg-vorbis: bf7c407c2cedff20999df2af8eb42d56 -> 
========================================================================
Received Prepare
Registering precompiled user dll's ...
Registered in 0.002093 seconds.
Begin MonoManager ReloadAssembly
Native extension for OSXStandalone target not found
Native extension for WebGL target not found
Refreshing native plugins compatible for Editor in 0.59 ms, found 3 plugins.
Preloading 0 native plugins for Editor in 0.00 ms.
Mono: successfully reloaded assembly
- Completed reload, in  1.070 seconds
Domain Reload Profiling:
	ReloadAssembly (1071ms)
		BeginReloadAssembly (136ms)
			ExecutionOrderSort (0ms)
			DisableScriptedObjects (10ms)
			BackupInstance (0ms)
			ReleaseScriptingObjects (0ms)
			CreateAndSetChildDomain (48ms)
		EndReloadAssembly (813ms)
			LoadAssemblies (73ms)
			RebuildTransferFunctionScriptingTraits (0ms)
			SetupTypeCache (241ms)
			ReleaseScriptCaches (1ms)
			RebuildScriptCaches (54ms)
			SetupLoadedEditorAssemblies (384ms)
				LogAssemblyErrors (0ms)
				InitializePlatformSupportModulesInManaged (17ms)
				SetLoadedEditorAssemblies (1ms)
				RefreshPlugins (1ms)
				BeforeProcessingInitializeOnLoad (60ms)
				ProcessInitializeOnLoadAttributes (253ms)
				ProcessInitializeOnLoadMethodAttributes (51ms)
				AfterProcessingInitializeOnLoad (1ms)
				EditorAssembliesLoaded (0ms)
			ExecutionOrderSort2 (0ms)
			AwakeInstancesAfterBackupRestoration (9ms)
Platform modules already initialized, skipping
Refreshing native plugins compatible for Editor in 1.16 ms, found 3 plugins.
Preloading 0 native plugins for Editor in 0.00 ms.
Unloading 2483 Unused Serialized files (Serialized files now loaded: 0)
Unloading 20 unused Assets / (22.0 KB). Loaded Objects now: 3003.
Memory consumption went from 233.6 MB to 233.5 MB.
Total: 3.470823 ms (FindLiveObjects: 0.186995 ms CreateObjectMapping: 0.192474 ms MarkObjects: 3.077083 ms  DeleteObjects: 0.013696 ms)

AssetImportParameters requested are different than current active one (requested -> active):
  custom:video-decoder-ogg-theora: a1e56fd34408186e4bbccfd4996cb3dc -> 
  custom:container-muxer-webm: aa71ff27fc2769a1b78a27578f13a17b -> 
  custom:container-demuxer-webm: 4f35f7cbe854078d1ac9338744f61a02 -> 
  custom:video-encoder-webm-vp8: eb34c28f22e8b96e1ab97ce403110664 -> 
  custom:framework-osx-AVFoundation: e770b220cccbd017edd2c1fefb359320 -> 
  custom:audio-encoder-webm-vorbis: bf7c407c2cedff20999df2af8eb42d56 -> 
  custom:container-demuxer-ogg: 62fdf1f143b41e24485cea50d1cbac27 -> 
  custom:video-decoder-webm-vp8: 9c59270c3fd7afecdb556c50c9e8de78 -> 
  custom:audio-decoder-ogg-vorbis: bf7c407c2cedff20999df2af8eb42d56 -> 
========================================================================
Received Prepare
Registering precompiled user dll's ...
Registered in 0.002062 seconds.
Begin MonoManager ReloadAssembly
Native extension for OSXStandalone target not found
Native extension for WebGL target not found
Refreshing native plugins compatible for Editor in 0.87 ms, found 3 plugins.
Preloading 0 native plugins for Editor in 0.00 ms.
Mono: successfully reloaded assembly
- Completed reload, in  1.174 seconds
Domain Reload Profiling:
	ReloadAssembly (1175ms)
		BeginReloadAssembly (130ms)
			ExecutionOrderSort (0ms)
			DisableScriptedObjects (9ms)
			BackupInstance (0ms)
			ReleaseScriptingObjects (0ms)
			CreateAndSetChildDomain (46ms)
		EndReloadAssembly (933ms)
			LoadAssemblies (68ms)
			RebuildTransferFunctionScriptingTraits (0ms)
			SetupTypeCache (242ms)
			ReleaseScriptCaches (1ms)
			RebuildScriptCaches (59ms)
			SetupLoadedEditorAssemblies (489ms)
				LogAssemblyErrors (0ms)
				InitializePlatformSupportModulesInManaged (17ms)
				SetLoadedEditorAssemblies (1ms)
				RefreshPlugins (1ms)
				BeforeProcessingInitializeOnLoad (86ms)
				ProcessInitializeOnLoadAttributes (332ms)
				ProcessInitializeOnLoadMethodAttributes (51ms)
				AfterProcessingInitializeOnLoad (1ms)
				EditorAssembliesLoaded (0ms)
			ExecutionOrderSort2 (0ms)
			AwakeInstancesAfterBackupRestoration (9ms)
Platform modules already initialized, skipping
Refreshing native plugins compatible for Editor in 1.14 ms, found 3 plugins.
Preloading 0 native plugins for Editor in 0.00 ms.
Unloading 2483 Unused Serialized files (Serialized files now loaded: 0)
Unloading 20 unused Assets / (22.0 KB). Loaded Objects now: 3006.
Memory consumption went from 233.8 MB to 233.8 MB.
Total: 4.629062 ms (FindLiveObjects: 0.291621 ms CreateObjectMapping: 0.304078 ms MarkObjects: 4.015965 ms  DeleteObjects: 0.016323 ms)

AssetImportParameters requested are different than current active one (requested -> active):
  custom:video-decoder-ogg-theora: a1e56fd34408186e4bbccfd4996cb3dc -> 
  custom:container-muxer-webm: aa71ff27fc2769a1b78a27578f13a17b -> 
  custom:container-demuxer-webm: 4f35f7cbe854078d1ac9338744f61a02 -> 
  custom:video-encoder-webm-vp8: eb34c28f22e8b96e1ab97ce403110664 -> 
  custom:framework-osx-AVFoundation: e770b220cccbd017edd2c1fefb359320 -> 
  custom:audio-encoder-webm-vorbis: bf7c407c2cedff20999df2af8eb42d56 -> 
  custom:container-demuxer-ogg: 62fdf1f143b41e24485cea50d1cbac27 -> 
  custom:video-decoder-webm-vp8: 9c59270c3fd7afecdb556c50c9e8de78 -> 
  custom:audio-decoder-ogg-vorbis: bf7c407c2cedff20999df2af8eb42d56 -> 
========================================================================
Received Import Request.
  Time since last request: 169.475424 seconds.
  path: Assets/Animations/animHintFade.anim
  artifactKey: Guid(80a72a19130b447bdac3d7637dcac4eb) Importer(815301076,1909f56bfc062723c751e8b465ee728b)
Start importing Assets/Animations/animHintFade.anim using Guid(80a72a19130b447bdac3d7637dcac4eb) Importer(815301076,1909f56bfc062723c751e8b465ee728b)  -> (artifact id: '8ed713d8034406a55d81f5d71c65a0f3') in 0.017697 seconds 
========================================================================
Received Import Request.
  Time since last request: 8.533708 seconds.
  path: Assets/Animations/animHint.controller
  artifactKey: Guid(4db535f257ce9407f878112772d0f1b1) Importer(815301076,1909f56bfc062723c751e8b465ee728b)
Start importing Assets/Animations/animHint.controller using Guid(4db535f257ce9407f878112772d0f1b1) Importer(815301076,1909f56bfc062723c751e8b465ee728b)  -> (artifact id: '904230588c08339e532e55659657e2bd') in 0.003335 seconds 
========================================================================
Received Import Request.
  Time since last request: 35.498981 seconds.
  path: Assets/AurynSky/Gems Ultimate Pack
  artifactKey: Guid(d85955aa1b2604da9b1b9735b8a60291) Importer(815301076,1909f56bfc062723c751e8b465ee728b)
Start importing Assets/AurynSky/Gems Ultimate Pack using Guid(d85955aa1b2604da9b1b9735b8a60291) Importer(815301076,1909f56bfc062723c751e8b465ee728b)  -> (artifact id: 'fef1e92f6b2bbca03f383f525e7c7da5') in 0.001110 seconds 
========================================================================
Received Import Request.
  Time since last request: 4.766446 seconds.
  path: Assets/AurynSky/Gems Ultimate Pack/Prefabs
  artifactKey: Guid(ea08d9dc514a72c4182e8436320c8ced) Importer(815301076,1909f56bfc062723c751e8b465ee728b)
Start importing Assets/AurynSky/Gems Ultimate Pack/Prefabs using Guid(ea08d9dc514a72c4182e8436320c8ced) Importer(815301076,1909f56bfc062723c751e8b465ee728b)  -> (artifact id: '4e13724377ce701614042ce79fc1c66a') in 0.000804 seconds 
========================================================================
Received Import Request.
  Time since last request: 1.482744 seconds.
  path: Assets/AurynSky/Gems Ultimate Pack/Prefabs/4 Side Diamond.prefab
  artifactKey: Guid(0ed203d298c050b49bfabe788790e1c2) Importer(815301076,1909f56bfc062723c751e8b465ee728b)
Start importing Assets/AurynSky/Gems Ultimate Pack/Prefabs/4 Side Diamond.prefab using Guid(0ed203d298c050b49bfabe788790e1c2) Importer(815301076,1909f56bfc062723c751e8b465ee728b)  -> (artifact id: '5e302f982c5d56b88387bdb3a5a9aa2d') in 0.216156 seconds 
========================================================================
Received Import Request.
  Time since last request: 0.012723 seconds.
  path: Assets/AurynSky/Gems Ultimate Pack/Prefabs/Cuboid.prefab
  artifactKey: Guid(6a7274aefcc6cef4fbbfba924cc7f657) Importer(815301076,1909f56bfc062723c751e8b465ee728b)
Start importing Assets/AurynSky/Gems Ultimate Pack/Prefabs/Cuboid.prefab using Guid(6a7274aefcc6cef4fbbfba924cc7f657) Importer(815301076,1909f56bfc062723c751e8b465ee728b)  -> (artifact id: '7d1b9e8ded6aea515726fe730883363d') in 0.013164 seconds 
========================================================================
Received Import Request.
  Time since last request: 0.000129 seconds.
  path: Assets/AurynSky/Gems Ultimate Pack/Prefabs/Diamondo.prefab
  artifactKey: Guid(5c02591794acece409986647ed6329a7) Importer(815301076,1909f56bfc062723c751e8b465ee728b)
Start importing Assets/AurynSky/Gems Ultimate Pack/Prefabs/Diamondo.prefab using Guid(5c02591794acece409986647ed6329a7) Importer(815301076,1909f56bfc062723c751e8b465ee728b)  -> (artifact id: '4cdd18700d8d8f0b92187e89ebe98e87') in 0.012685 seconds 
========================================================================
Received Import Request.
  Time since last request: 0.000108 seconds.
  path: Assets/AurynSky/Gems Ultimate Pack/Prefabs/SphereGemLarge.prefab
  artifactKey: Guid(8b40cffea67202d4bbf662b25de4c94a) Importer(815301076,1909f56bfc062723c751e8b465ee728b)
Start importing Assets/AurynSky/Gems Ultimate Pack/Prefabs/SphereGemLarge.prefab using Guid(8b40cffea67202d4bbf662b25de4c94a) Importer(815301076,1909f56bfc062723c751e8b465ee728b)  -> (artifact id: 'e55af064483a180103ffe1e48f231e96') in 0.016422 seconds 
========================================================================
Received Import Request.
  Time since last request: 0.000081 seconds.
  path: Assets/AurynSky/Gems Ultimate Pack/Prefabs/Cubie.prefab
  artifactKey: Guid(38dea0631a962ad45b71e2759e4240d8) Importer(815301076,1909f56bfc062723c751e8b465ee728b)
Start importing Assets/AurynSky/Gems Ultimate Pack/Prefabs/Cubie.prefab using Guid(38dea0631a962ad45b71e2759e4240d8) Importer(815301076,1909f56bfc062723c751e8b465ee728b)  -> (artifact id: 'd164466c2aca25608837660fd149134c') in 0.010402 seconds 
========================================================================
Received Import Request.
  Time since last request: 0.000057 seconds.
  path: Assets/AurynSky/Gems Ultimate Pack/Prefabs/Heart.prefab
  artifactKey: Guid(5a0537415d4017c4fad7a4986f502dc1) Importer(815301076,1909f56bfc062723c751e8b465ee728b)
Start importing Assets/AurynSky/Gems Ultimate Pack/Prefabs/Heart.prefab using Guid(5a0537415d4017c4fad7a4986f502dc1) Importer(815301076,1909f56bfc062723c751e8b465ee728b)  -> (artifact id: '11840dc52b0f8d8ee8f8b4e5cb97b63b') in 0.012981 seconds 
========================================================================
Received Import Request.
  Time since last request: 0.000099 seconds.
  path: Assets/AurynSky/Gems Ultimate Pack/Prefabs/HardStar.prefab
  artifactKey: Guid(c4bf8b30fce268044a786a8600922324) Importer(815301076,1909f56bfc062723c751e8b465ee728b)
Start importing Assets/AurynSky/Gems Ultimate Pack/Prefabs/HardStar.prefab using Guid(c4bf8b30fce268044a786a8600922324) Importer(815301076,1909f56bfc062723c751e8b465ee728b)  -> (artifact id: '5a2d884f7a76c66e157f60660345dd4c') in 0.017696 seconds 
========================================================================
Received Import Request.
  Time since last request: 0.000090 seconds.
  path: Assets/AurynSky/Gems Ultimate Pack/Prefabs/CubieBeveled.prefab
  artifactKey: Guid(b34bf25cecb5fc24c91de3edea19cb13) Importer(815301076,1909f56bfc062723c751e8b465ee728b)
Start importing Assets/AurynSky/Gems Ultimate Pack/Prefabs/CubieBeveled.prefab using Guid(b34bf25cecb5fc24c91de3edea19cb13) Importer(815301076,1909f56bfc062723c751e8b465ee728b)  -> (artifact id: '9656262cbceb93a033dbfaa89e815757') in 0.013097 seconds 
========================================================================
Received Import Request.
  Time since last request: 0.000128 seconds.
  path: Assets/AurynSky/Gems Ultimate Pack/Prefabs/Spiral.prefab
  artifactKey: Guid(586acbe765df7c34385298970076297e) Importer(815301076,1909f56bfc062723c751e8b465ee728b)
Start importing Assets/AurynSky/Gems Ultimate Pack/Prefabs/Spiral.prefab using Guid(586acbe765df7c34385298970076297e) Importer(815301076,1909f56bfc062723c751e8b465ee728b)  -> (artifact id: 'ec010668991dda1c7e2e12daf749e60e') in 0.013156 seconds 
========================================================================
Received Prepare
Registering precompiled user dll's ...
Registered in 0.002068 seconds.
Begin MonoManager ReloadAssembly
Native extension for OSXStandalone target not found
Native extension for WebGL target not found
Refreshing native plugins compatible for Editor in 0.78 ms, found 3 plugins.
Preloading 0 native plugins for Editor in 0.00 ms.
Mono: successfully reloaded assembly
- Completed reload, in  1.188 seconds
Domain Reload Profiling:
	ReloadAssembly (1189ms)
		BeginReloadAssembly (138ms)
			ExecutionOrderSort (0ms)
			DisableScriptedObjects (8ms)
			BackupInstance (0ms)
			ReleaseScriptingObjects (0ms)
			CreateAndSetChildDomain (52ms)
		EndReloadAssembly (938ms)
			LoadAssemblies (73ms)
			RebuildTransferFunctionScriptingTraits (0ms)
			SetupTypeCache (262ms)
			ReleaseScriptCaches (1ms)
			RebuildScriptCaches (61ms)
			SetupLoadedEditorAssemblies (467ms)
				LogAssemblyErrors (0ms)
				InitializePlatformSupportModulesInManaged (25ms)
				SetLoadedEditorAssemblies (1ms)
				RefreshPlugins (1ms)
				BeforeProcessingInitializeOnLoad (74ms)
				ProcessInitializeOnLoadAttributes (312ms)
				ProcessInitializeOnLoadMethodAttributes (54ms)
				AfterProcessingInitializeOnLoad (1ms)
				EditorAssembliesLoaded (0ms)
			ExecutionOrderSort2 (0ms)
			AwakeInstancesAfterBackupRestoration (9ms)
Platform modules already initialized, skipping
Refreshing native plugins compatible for Editor in 1.42 ms, found 3 plugins.
Preloading 0 native plugins for Editor in 0.00 ms.
Unloading 2483 Unused Serialized files (Serialized files now loaded: 0)
Unloading 20 unused Assets / (22.1 KB). Loaded Objects now: 3015.
Memory consumption went from 242.3 MB to 242.3 MB.
Total: 4.278730 ms (FindLiveObjects: 0.368758 ms CreateObjectMapping: 0.218468 ms MarkObjects: 3.666665 ms  DeleteObjects: 0.023603 ms)

AssetImportParameters requested are different than current active one (requested -> active):
  custom:video-decoder-ogg-theora: a1e56fd34408186e4bbccfd4996cb3dc -> 
  custom:container-muxer-webm: aa71ff27fc2769a1b78a27578f13a17b -> 
  custom:container-demuxer-webm: 4f35f7cbe854078d1ac9338744f61a02 -> 
  custom:video-encoder-webm-vp8: eb34c28f22e8b96e1ab97ce403110664 -> 
  custom:framework-osx-AVFoundation: e770b220cccbd017edd2c1fefb359320 -> 
  custom:audio-encoder-webm-vorbis: bf7c407c2cedff20999df2af8eb42d56 -> 
  custom:container-demuxer-ogg: 62fdf1f143b41e24485cea50d1cbac27 -> 
  custom:video-decoder-webm-vp8: 9c59270c3fd7afecdb556c50c9e8de78 -> 
  custom:audio-decoder-ogg-vorbis: bf7c407c2cedff20999df2af8eb42d56 -> 
========================================================================
Received Prepare
Registering precompiled user dll's ...
Registered in 0.002150 seconds.
Begin MonoManager ReloadAssembly
Native extension for OSXStandalone target not found
Native extension for WebGL target not found
Refreshing native plugins compatible for Editor in 0.63 ms, found 3 plugins.
Preloading 0 native plugins for Editor in 0.00 ms.
Mono: successfully reloaded assembly
- Completed reload, in  1.184 seconds
Domain Reload Profiling:
	ReloadAssembly (1185ms)
		BeginReloadAssembly (139ms)
			ExecutionOrderSort (0ms)
			DisableScriptedObjects (10ms)
			BackupInstance (0ms)
			ReleaseScriptingObjects (0ms)
			CreateAndSetChildDomain (47ms)
		EndReloadAssembly (930ms)
			LoadAssemblies (75ms)
			RebuildTransferFunctionScriptingTraits (0ms)
			SetupTypeCache (257ms)
			ReleaseScriptCaches (1ms)
			RebuildScriptCaches (61ms)
			SetupLoadedEditorAssemblies (465ms)
				LogAssemblyErrors (0ms)
				InitializePlatformSupportModulesInManaged (18ms)
				SetLoadedEditorAssemblies (1ms)
				RefreshPlugins (1ms)
				BeforeProcessingInitializeOnLoad (71ms)
				ProcessInitializeOnLoadAttributes (320ms)
				ProcessInitializeOnLoadMethodAttributes (53ms)
				AfterProcessingInitializeOnLoad (1ms)
				EditorAssembliesLoaded (0ms)
			ExecutionOrderSort2 (0ms)
			AwakeInstancesAfterBackupRestoration (8ms)
Platform modules already initialized, skipping
Refreshing native plugins compatible for Editor in 1.39 ms, found 3 plugins.
Preloading 0 native plugins for Editor in 0.00 ms.
Unloading 2483 Unused Serialized files (Serialized files now loaded: 0)
Unloading 20 unused Assets / (21.9 KB). Loaded Objects now: 3018.
Memory consumption went from 242.5 MB to 242.5 MB.
Total: 5.406718 ms (FindLiveObjects: 0.429388 ms CreateObjectMapping: 0.311981 ms MarkObjects: 4.630417 ms  DeleteObjects: 0.033488 ms)

AssetImportParameters requested are different than current active one (requested -> active):
  custom:video-decoder-ogg-theora: a1e56fd34408186e4bbccfd4996cb3dc -> 
  custom:container-muxer-webm: aa71ff27fc2769a1b78a27578f13a17b -> 
  custom:container-demuxer-webm: 4f35f7cbe854078d1ac9338744f61a02 -> 
  custom:video-encoder-webm-vp8: eb34c28f22e8b96e1ab97ce403110664 -> 
  custom:framework-osx-AVFoundation: e770b220cccbd017edd2c1fefb359320 -> 
  custom:audio-encoder-webm-vorbis: bf7c407c2cedff20999df2af8eb42d56 -> 
  custom:container-demuxer-ogg: 62fdf1f143b41e24485cea50d1cbac27 -> 
  custom:video-decoder-webm-vp8: 9c59270c3fd7afecdb556c50c9e8de78 -> 
  custom:audio-decoder-ogg-vorbis: bf7c407c2cedff20999df2af8eb42d56 -> 
========================================================================
Received Prepare
Registering precompiled user dll's ...
Registered in 0.002319 seconds.
Begin MonoManager ReloadAssembly
Native extension for OSXStandalone target not found
Native extension for WebGL target not found
Refreshing native plugins compatible for Editor in 0.55 ms, found 3 plugins.
Preloading 0 native plugins for Editor in 0.00 ms.
Mono: successfully reloaded assembly
- Completed reload, in  1.183 seconds
Domain Reload Profiling:
	ReloadAssembly (1184ms)
		BeginReloadAssembly (137ms)
			ExecutionOrderSort (0ms)
			DisableScriptedObjects (9ms)
			BackupInstance (0ms)
			ReleaseScriptingObjects (0ms)
			CreateAndSetChildDomain (49ms)
		EndReloadAssembly (923ms)
			LoadAssemblies (71ms)
			RebuildTransferFunctionScriptingTraits (0ms)
			SetupTypeCache (257ms)
			ReleaseScriptCaches (1ms)
			RebuildScriptCaches (67ms)
			SetupLoadedEditorAssemblies (450ms)
				LogAssemblyErrors (0ms)
				InitializePlatformSupportModulesInManaged (20ms)
				SetLoadedEditorAssemblies (1ms)
				RefreshPlugins (1ms)
				BeforeProcessingInitializeOnLoad (72ms)
				ProcessInitializeOnLoadAttributes (304ms)
				ProcessInitializeOnLoadMethodAttributes (52ms)
				AfterProcessingInitializeOnLoad (1ms)
				EditorAssembliesLoaded (0ms)
			ExecutionOrderSort2 (0ms)
			AwakeInstancesAfterBackupRestoration (8ms)
Platform modules already initialized, skipping
Refreshing native plugins compatible for Editor in 1.53 ms, found 3 plugins.
Preloading 0 native plugins for Editor in 0.00 ms.
Unloading 2483 Unused Serialized files (Serialized files now loaded: 0)
Unloading 20 unused Assets / (24.6 KB). Loaded Objects now: 3021.
Memory consumption went from 242.7 MB to 242.7 MB.
Total: 4.066074 ms (FindLiveObjects: 0.279657 ms CreateObjectMapping: 0.177351 ms MarkObjects: 3.583110 ms  DeleteObjects: 0.024754 ms)

AssetImportParameters requested are different than current active one (requested -> active):
  custom:video-decoder-ogg-theora: a1e56fd34408186e4bbccfd4996cb3dc -> 
  custom:container-muxer-webm: aa71ff27fc2769a1b78a27578f13a17b -> 
  custom:container-demuxer-webm: 4f35f7cbe854078d1ac9338744f61a02 -> 
  custom:video-encoder-webm-vp8: eb34c28f22e8b96e1ab97ce403110664 -> 
  custom:framework-osx-AVFoundation: e770b220cccbd017edd2c1fefb359320 -> 
  custom:audio-encoder-webm-vorbis: bf7c407c2cedff20999df2af8eb42d56 -> 
  custom:container-demuxer-ogg: 62fdf1f143b41e24485cea50d1cbac27 -> 
  custom:video-decoder-webm-vp8: 9c59270c3fd7afecdb556c50c9e8de78 -> 
  custom:audio-decoder-ogg-vorbis: bf7c407c2cedff20999df2af8eb42d56 -> 
========================================================================
Received Prepare
Registering precompiled user dll's ...
Registered in 0.002394 seconds.
Begin MonoManager ReloadAssembly
Native extension for OSXStandalone target not found
Native extension for WebGL target not found
Refreshing native plugins compatible for Editor in 0.57 ms, found 3 plugins.
Preloading 0 native plugins for Editor in 0.00 ms.
Mono: successfully reloaded assembly
- Completed reload, in  1.170 seconds
Domain Reload Profiling:
	ReloadAssembly (1171ms)
		BeginReloadAssembly (153ms)
			ExecutionOrderSort (0ms)
			DisableScriptedObjects (13ms)
			BackupInstance (0ms)
			ReleaseScriptingObjects (0ms)
			CreateAndSetChildDomain (56ms)
		EndReloadAssembly (897ms)
			LoadAssemblies (78ms)
			RebuildTransferFunctionScriptingTraits (0ms)
			SetupTypeCache (255ms)
			ReleaseScriptCaches (1ms)
			RebuildScriptCaches (61ms)
			SetupLoadedEditorAssemblies (433ms)
				LogAssemblyErrors (0ms)
				InitializePlatformSupportModulesInManaged (19ms)
				SetLoadedEditorAssemblies (1ms)
				RefreshPlugins (1ms)
				BeforeProcessingInitializeOnLoad (66ms)
				ProcessInitializeOnLoadAttributes (295ms)
				ProcessInitializeOnLoadMethodAttributes (51ms)
				AfterProcessingInitializeOnLoad (1ms)
				EditorAssembliesLoaded (0ms)
			ExecutionOrderSort2 (0ms)
			AwakeInstancesAfterBackupRestoration (8ms)
Platform modules already initialized, skipping
Refreshing native plugins compatible for Editor in 1.14 ms, found 3 plugins.
Preloading 0 native plugins for Editor in 0.00 ms.
Unloading 2484 Unused Serialized files (Serialized files now loaded: 0)
Unloading 20 unused Assets / (22.0 KB). Loaded Objects now: 3025.
Memory consumption went from 243.0 MB to 242.9 MB.
Total: 3.489479 ms (FindLiveObjects: 0.222078 ms CreateObjectMapping: 0.138598 ms MarkObjects: 3.095651 ms  DeleteObjects: 0.032483 ms)

AssetImportParameters requested are different than current active one (requested -> active):
  custom:video-decoder-ogg-theora: a1e56fd34408186e4bbccfd4996cb3dc -> 
  custom:container-muxer-webm: aa71ff27fc2769a1b78a27578f13a17b -> 
  custom:container-demuxer-webm: 4f35f7cbe854078d1ac9338744f61a02 -> 
  custom:video-encoder-webm-vp8: eb34c28f22e8b96e1ab97ce403110664 -> 
  custom:framework-osx-AVFoundation: e770b220cccbd017edd2c1fefb359320 -> 
  custom:audio-encoder-webm-vorbis: bf7c407c2cedff20999df2af8eb42d56 -> 
  custom:container-demuxer-ogg: 62fdf1f143b41e24485cea50d1cbac27 -> 
  custom:video-decoder-webm-vp8: 9c59270c3fd7afecdb556c50c9e8de78 -> 
  custom:audio-decoder-ogg-vorbis: bf7c407c2cedff20999df2af8eb42d56 -> 
========================================================================
Received Import Request.
  Time since last request: 359.293694 seconds.
  path: Assets/StarterParticles/Prefabs
  artifactKey: Guid(cf35d20ab114d4d21a33bb43f8b9971e) Importer(815301076,1909f56bfc062723c751e8b465ee728b)
Start importing Assets/StarterParticles/Prefabs using Guid(cf35d20ab114d4d21a33bb43f8b9971e) Importer(815301076,1909f56bfc062723c751e8b465ee728b)  -> (artifact id: 'c2c74b4a3cb259ee84acba52f09ee166') in 0.004974 seconds 
========================================================================
Received Import Request.
  Time since last request: 0.630373 seconds.
  path: Assets/StarterParticles/Prefabs/ParticleLoops.prefab
  artifactKey: Guid(fca85770e18d846bfb02e19852a35a54) Importer(815301076,1909f56bfc062723c751e8b465ee728b)
Start importing Assets/StarterParticles/Prefabs/ParticleLoops.prefab using Guid(fca85770e18d846bfb02e19852a35a54) Importer(815301076,1909f56bfc062723c751e8b465ee728b)  -> (artifact id: 'a7e652551430c8d34eb6eed8fd7d89a6') in 0.081596 seconds 
========================================================================
Received Import Request.
  Time since last request: 0.000074 seconds.
  path: Assets/StarterParticles/Prefabs/VfxBoltLightning.prefab
  artifactKey: Guid(86bf5ea41080346548038b8102b367d0) Importer(815301076,1909f56bfc062723c751e8b465ee728b)
Start importing Assets/StarterParticles/Prefabs/VfxBoltLightning.prefab using Guid(86bf5ea41080346548038b8102b367d0) Importer(815301076,1909f56bfc062723c751e8b465ee728b)  -> (artifact id: '0061da5fd9d699c1ed0b5d006b023bdf') in 0.017193 seconds 
========================================================================
Received Import Request.
  Time since last request: 0.000061 seconds.
  path: Assets/StarterParticles/Prefabs/VfxBrightStars.prefab
  artifactKey: Guid(fbdb0b280789440678aa36806de97767) Importer(815301076,1909f56bfc062723c751e8b465ee728b)
Start importing Assets/StarterParticles/Prefabs/VfxBrightStars.prefab using Guid(fbdb0b280789440678aa36806de97767) Importer(815301076,1909f56bfc062723c751e8b465ee728b)  -> (artifact id: '5526b23f17f6713e9b3376321e1b836b') in 0.012651 seconds 
========================================================================
Received Import Request.
  Time since last request: 0.000069 seconds.
  path: Assets/StarterParticles/Prefabs/VfxParticleCamFlashes.prefab
  artifactKey: Guid(7b14d49e13f6d48008076336ea75e5e2) Importer(815301076,1909f56bfc062723c751e8b465ee728b)
Start importing Assets/StarterParticles/Prefabs/VfxParticleCamFlashes.prefab using Guid(7b14d49e13f6d48008076336ea75e5e2) Importer(815301076,1909f56bfc062723c751e8b465ee728b)  -> (artifact id: 'cf842841a5b6c17e28882866bde9df50') in 0.013371 seconds 
========================================================================
Received Import Request.
  Time since last request: 0.000062 seconds.
  path: Assets/StarterParticles/Prefabs/VfxHitSparks.prefab
  artifactKey: Guid(bad4a586d8c2b4fc1adb20c80b9b13a1) Importer(815301076,1909f56bfc062723c751e8b465ee728b)
Start importing Assets/StarterParticles/Prefabs/VfxHitSparks.prefab using Guid(bad4a586d8c2b4fc1adb20c80b9b13a1) Importer(815301076,1909f56bfc062723c751e8b465ee728b)  -> (artifact id: 'fc136028a8476c45adef80a5d2eeb607') in 0.016947 seconds 
========================================================================
Received Import Request.
  Time since last request: 0.000120 seconds.
  path: Assets/StarterParticles/Prefabs/VfxParticleLoResDust.prefab
  artifactKey: Guid(b886a92db5d5e4816856f7e8c0b7f053) Importer(815301076,1909f56bfc062723c751e8b465ee728b)
Start importing Assets/StarterParticles/Prefabs/VfxParticleLoResDust.prefab using Guid(b886a92db5d5e4816856f7e8c0b7f053) Importer(815301076,1909f56bfc062723c751e8b465ee728b)  -> (artifact id: '0df64bac0ee0c171b1c323a4264937aa') in 0.018573 seconds 
========================================================================
Received Import Request.
  Time since last request: 0.000075 seconds.
  path: Assets/StarterParticles/Prefabs/VfxBoomSparks.prefab
  artifactKey: Guid(4679b7d4913ed45dcadbf24be51fcd6d) Importer(815301076,1909f56bfc062723c751e8b465ee728b)
Start importing Assets/StarterParticles/Prefabs/VfxBoomSparks.prefab using Guid(4679b7d4913ed45dcadbf24be51fcd6d) Importer(815301076,1909f56bfc062723c751e8b465ee728b)  -> (artifact id: '153423e72171000ba1b0f720bfd1a561') in 0.016679 seconds 
========================================================================
Received Import Request.
  Time since last request: 0.000074 seconds.
  path: Assets/StarterParticles/Prefabs/VfxStarsFourPointsColor.prefab
  artifactKey: Guid(27c09fea11be34b148f96c4e2b673aa3) Importer(815301076,1909f56bfc062723c751e8b465ee728b)
Start importing Assets/StarterParticles/Prefabs/VfxStarsFourPointsColor.prefab using Guid(27c09fea11be34b148f96c4e2b673aa3) Importer(815301076,1909f56bfc062723c751e8b465ee728b)  -> (artifact id: '43353bc402415b71ddd5c50cc4734951') in 0.065933 seconds 
========================================================================
Received Import Request.
  Time since last request: 0.000064 seconds.
  path: Assets/StarterParticles/Prefabs/VfxStarsThin.prefab
  artifactKey: Guid(3c87503deada045dfad4b3f34d340ae0) Importer(815301076,1909f56bfc062723c751e8b465ee728b)
Start importing Assets/StarterParticles/Prefabs/VfxStarsThin.prefab using Guid(3c87503deada045dfad4b3f34d340ae0) Importer(815301076,1909f56bfc062723c751e8b465ee728b)  -> (artifact id: 'fe9b6493ff5a3e926168360173a2b9f6') in 0.015794 seconds 
========================================================================
Received Import Request.
  Time since last request: 0.000096 seconds.
  path: Assets/StarterParticles/Prefabs/VfxBoomSparks2.prefab
  artifactKey: Guid(fbc33af47af4d490ab2919530c88fa53) Importer(815301076,1909f56bfc062723c751e8b465ee728b)
Start importing Assets/StarterParticles/Prefabs/VfxBoomSparks2.prefab using Guid(fbc33af47af4d490ab2919530c88fa53) Importer(815301076,1909f56bfc062723c751e8b465ee728b)  -> (artifact id: 'bcf6367443b93a10badcd65fdebbc8af') in 0.013670 seconds 
========================================================================
Received Import Request.
  Time since last request: 0.000106 seconds.
  path: Assets/StarterParticles/Prefabs/TopScoreParticles.prefab
  artifactKey: Guid(2af58d6e034bbd5418f0f768d94e90b1) Importer(815301076,1909f56bfc062723c751e8b465ee728b)
Start importing Assets/StarterParticles/Prefabs/TopScoreParticles.prefab using Guid(2af58d6e034bbd5418f0f768d94e90b1) Importer(815301076,1909f56bfc062723c751e8b465ee728b)  -> (artifact id: '9c29ad11bc972e57f3ec69f2922c403c') in 0.015973 seconds 
========================================================================
Received Import Request.
  Time since last request: 0.000143 seconds.
  path: Assets/StarterParticles/Prefabs/VfxParticleBokeh1.prefab
  artifactKey: Guid(44f6201ba86c0441ab2eeb88adadce4f) Importer(815301076,1909f56bfc062723c751e8b465ee728b)
Start importing Assets/StarterParticles/Prefabs/VfxParticleBokeh1.prefab using Guid(44f6201ba86c0441ab2eeb88adadce4f) Importer(815301076,1909f56bfc062723c751e8b465ee728b)  -> (artifact id: '59ce43720880c2607ab2203e142c699a') in 0.013619 seconds 
========================================================================
Received Import Request.
  Time since last request: 0.000105 seconds.
  path: Assets/StarterParticles/Prefabs/VfxParticleBoom.prefab
  artifactKey: Guid(260289419ad374fd49c4be36e2c1165e) Importer(815301076,1909f56bfc062723c751e8b465ee728b)
Start importing Assets/StarterParticles/Prefabs/VfxParticleBoom.prefab using Guid(260289419ad374fd49c4be36e2c1165e) Importer(815301076,1909f56bfc062723c751e8b465ee728b)  -> (artifact id: 'e895a79a109bccc646d32a0d6f088f1e') in 0.012264 seconds 
========================================================================
Received Import Request.
  Time since last request: 0.000064 seconds.
  path: Assets/StarterParticles/Prefabs/VfxFloorCracks.prefab
  artifactKey: Guid(26b77f0fd87cf4c3cad946a4ddd18e35) Importer(815301076,1909f56bfc062723c751e8b465ee728b)
Start importing Assets/StarterParticles/Prefabs/VfxFloorCracks.prefab using Guid(26b77f0fd87cf4c3cad946a4ddd18e35) Importer(815301076,1909f56bfc062723c751e8b465ee728b)  -> (artifact id: '98c414632234ec285d97b1218499a003') in 0.024131 seconds 
========================================================================
Received Import Request.
  Time since last request: 0.000105 seconds.
  path: Assets/StarterParticles/Prefabs/VfxParticleBokeh2.prefab
  artifactKey: Guid(b4eba8cf0176141a59205670e3828ce7) Importer(815301076,1909f56bfc062723c751e8b465ee728b)
Start importing Assets/StarterParticles/Prefabs/VfxParticleBokeh2.prefab using Guid(b4eba8cf0176141a59205670e3828ce7) Importer(815301076,1909f56bfc062723c751e8b465ee728b)  -> (artifact id: '132bd5f1d2af74410db43ceedb51f130') in 0.015013 seconds 
========================================================================
Received Import Request.
  Time since last request: 0.000086 seconds.
  path: Assets/StarterParticles/Prefabs/VfxStarWide.prefab
  artifactKey: Guid(d350ad29b27c64ecbad769fd1feff30a) Importer(815301076,1909f56bfc062723c751e8b465ee728b)
Start importing Assets/StarterParticles/Prefabs/VfxStarWide.prefab using Guid(d350ad29b27c64ecbad769fd1feff30a) Importer(815301076,1909f56bfc062723c751e8b465ee728b)  -> (artifact id: '42d88ecd00b7642e2a919c791695a992') in 0.014058 seconds 
========================================================================
Received Import Request.
  Time since last request: 13.662423 seconds.
  path: Assets/StarterParticles/Materials/StarWide.mat
  artifactKey: Guid(42bc46fc022af47dc8e0896dc58f47c6) Importer(815301076,1909f56bfc062723c751e8b465ee728b)
Start importing Assets/StarterParticles/Materials/StarWide.mat using Guid(42bc46fc022af47dc8e0896dc58f47c6) Importer(815301076,1909f56bfc062723c751e8b465ee728b)  -> (artifact id: '0ab020d533831e52081b8dca8e08d6b8') in 0.186824 seconds 
========================================================================
Received Import Request.
  Time since last request: 6.922992 seconds.
  path: Assets/StarterParticles/LensFlare/VfxLensFlare.flare
  artifactKey: Guid(c093717747d79403797090ee95bdaf7f) Importer(815301076,1909f56bfc062723c751e8b465ee728b)
Start importing Assets/StarterParticles/LensFlare/VfxLensFlare.flare using Guid(c093717747d79403797090ee95bdaf7f) Importer(815301076,1909f56bfc062723c751e8b465ee728b)  -> (artifact id: '476bd43da31e2d07b2de12478d20a751') in 0.097689 seconds 
========================================================================
Received Import Request.
  Time since last request: 2.101795 seconds.
  path: Assets/StarterParticles/Materials/BokehHex.mat
  artifactKey: Guid(dfdb41e90bb4440d98b876cfc2acae2e) Importer(815301076,1909f56bfc062723c751e8b465ee728b)
Start importing Assets/StarterParticles/Materials/BokehHex.mat using Guid(dfdb41e90bb4440d98b876cfc2acae2e) Importer(815301076,1909f56bfc062723c751e8b465ee728b)  -> (artifact id: '966c1331c96afd94c6545c3b3678caa5') in 0.015828 seconds 
========================================================================
Received Import Request.
  Time since last request: 0.000107 seconds.
  path: Assets/StarterParticles/Materials/StarThin.mat
  artifactKey: Guid(ca1f31fbb1fe84c9e9d96da0efe26114) Importer(815301076,1909f56bfc062723c751e8b465ee728b)
Start importing Assets/StarterParticles/Materials/StarThin.mat using Guid(ca1f31fbb1fe84c9e9d96da0efe26114) Importer(815301076,1909f56bfc062723c751e8b465ee728b)  -> (artifact id: '8c221669b3ab67f491ebb2c88eba9a58') in 0.013571 seconds 
========================================================================
Received Import Request.
  Time since last request: 0.000093 seconds.
  path: Assets/StarterParticles/Materials/Particles Mobile Alpha.mat
  artifactKey: Guid(0586fb390af6e4d56987fb75b880d2b2) Importer(815301076,1909f56bfc062723c751e8b465ee728b)
Start importing Assets/StarterParticles/Materials/Particles Mobile Alpha.mat using Guid(0586fb390af6e4d56987fb75b880d2b2) Importer(815301076,1909f56bfc062723c751e8b465ee728b)  -> (artifact id: '1a00cc2effe22c009aed608cb99c7504') in 0.015322 seconds 
========================================================================
Received Import Request.
  Time since last request: 0.000082 seconds.
  path: Assets/StarterParticles/Materials/Star4Points.mat
  artifactKey: Guid(f1aeb8687f38547958241cf8c252e7d2) Importer(815301076,1909f56bfc062723c751e8b465ee728b)
Start importing Assets/StarterParticles/Materials/Star4Points.mat using Guid(f1aeb8687f38547958241cf8c252e7d2) Importer(815301076,1909f56bfc062723c751e8b465ee728b)  -> (artifact id: '6ff412140d22663a51e32ff6447286e0') in 0.015064 seconds 
========================================================================
Received Import Request.
  Time since last request: 0.000104 seconds.
  path: Assets/StarterParticles/Materials/DustCircle.mat
  artifactKey: Guid(9e5d479eb81bb449eada47cc65734c3a) Importer(815301076,1909f56bfc062723c751e8b465ee728b)
Start importing Assets/StarterParticles/Materials/DustCircle.mat using Guid(9e5d479eb81bb449eada47cc65734c3a) Importer(815301076,1909f56bfc062723c751e8b465ee728b)  -> (artifact id: 'd8b7c973d21ea680accfa37d95e2b029') in 0.019915 seconds 
========================================================================
Received Import Request.
  Time since last request: 0.000127 seconds.
  path: Assets/StarterParticles/Materials/SmokePuffs3.mat
  artifactKey: Guid(0e614e05d1c7a4bcdbbe24547504eeb9) Importer(815301076,1909f56bfc062723c751e8b465ee728b)
Start importing Assets/StarterParticles/Materials/SmokePuffs3.mat using Guid(0e614e05d1c7a4bcdbbe24547504eeb9) Importer(815301076,1909f56bfc062723c751e8b465ee728b)  -> (artifact id: '2168380e6f1471ddfdfe7bfd3feedf48') in 0.014981 seconds 
========================================================================
Received Import Request.
  Time since last request: 0.000072 seconds.
  path: Assets/StarterParticles/Materials/FireSpark.mat
  artifactKey: Guid(a53831880f7cf4d80978fb06165403e5) Importer(815301076,1909f56bfc062723c751e8b465ee728b)
Start importing Assets/StarterParticles/Materials/FireSpark.mat using Guid(a53831880f7cf4d80978fb06165403e5) Importer(815301076,1909f56bfc062723c751e8b465ee728b)  -> (artifact id: '87390445735eeaec7927fba893f6e958') in 0.019172 seconds 
========================================================================
Received Import Request.
  Time since last request: 0.002115 seconds.
  path: Assets/StarterParticles/Materials/Particles Mobile Add.mat
  artifactKey: Guid(aebc2fcd4311946738874768112cd326) Importer(815301076,1909f56bfc062723c751e8b465ee728b)
Start importing Assets/StarterParticles/Materials/Particles Mobile Add.mat using Guid(aebc2fcd4311946738874768112cd326) Importer(815301076,1909f56bfc062723c751e8b465ee728b)  -> (artifact id: '6144e2cbea60e49f66f2a578d85aa065') in 0.013991 seconds 
========================================================================
Received Import Request.
  Time since last request: 0.000090 seconds.
  path: Assets/StarterParticles/Materials/SmashCracksMat.mat
  artifactKey: Guid(c47160a4437d84aedb3c9d12fef8ae67) Importer(815301076,1909f56bfc062723c751e8b465ee728b)
Start importing Assets/StarterParticles/Materials/SmashCracksMat.mat using Guid(c47160a4437d84aedb3c9d12fef8ae67) Importer(815301076,1909f56bfc062723c751e8b465ee728b)  -> (artifact id: 'df9efed3df87feeff05042af3e02dba8') in 0.048942 seconds 
========================================================================
Received Import Request.
  Time since last request: 0.000108 seconds.
  path: Assets/StarterParticles/Materials/SmokePuffs1.mat
  artifactKey: Guid(77f3d6625c44647da8e5c503bea7d4c6) Importer(815301076,1909f56bfc062723c751e8b465ee728b)
Start importing Assets/StarterParticles/Materials/SmokePuffs1.mat using Guid(77f3d6625c44647da8e5c503bea7d4c6) Importer(815301076,1909f56bfc062723c751e8b465ee728b)  -> (artifact id: '174f8a5586c4baa82505af7c629cc198') in 0.020832 seconds 
========================================================================
Received Import Request.
  Time since last request: 0.000090 seconds.
  path: Assets/StarterParticles/Materials/CamFlash.mat
  artifactKey: Guid(a4bf31caa01e8489e9715de95b7b9522) Importer(815301076,1909f56bfc062723c751e8b465ee728b)
Start importing Assets/StarterParticles/Materials/CamFlash.mat using Guid(a4bf31caa01e8489e9715de95b7b9522) Importer(815301076,1909f56bfc062723c751e8b465ee728b)  -> (artifact id: '4ca9dde5e3cc569f0c38f0b5a5878520') in 0.020077 seconds 
========================================================================
Received Import Request.
  Time since last request: 0.000076 seconds.
  path: Assets/StarterParticles/Materials/LightningBoltsAlpha.mat
  artifactKey: Guid(bf0cfc1c08fb4e64f996747d421f246d) Importer(815301076,1909f56bfc062723c751e8b465ee728b)
Start importing Assets/StarterParticles/Materials/LightningBoltsAlpha.mat using Guid(bf0cfc1c08fb4e64f996747d421f246d) Importer(815301076,1909f56bfc062723c751e8b465ee728b)  -> (artifact id: 'baf0925621e13b9f4f52813d4beb49a8') in 0.015414 seconds 
========================================================================
Received Import Request.
  Time since last request: 0.000084 seconds.
  path: Assets/StarterParticles/Materials/CopperSpark.mat
  artifactKey: Guid(fcc145699d3464fa187899b93a68bffd) Importer(815301076,1909f56bfc062723c751e8b465ee728b)
Start importing Assets/StarterParticles/Materials/CopperSpark.mat using Guid(fcc145699d3464fa187899b93a68bffd) Importer(815301076,1909f56bfc062723c751e8b465ee728b)  -> (artifact id: 'b3ce91ca3c1ffcdc388ba6e90bf1ac70') in 0.016535 seconds 
Editor requested this worker to shutdown with reason: Scaling down because of idle timeout
AssetImportWorker is now disconnected from the server
Process exiting
